<?xml version="1.0" encoding="UTF-8"?>
<testsuite name="tests.TextBoxTests" tests="1" skipped="0" failures="0" errors="0" timestamp="2025-04-16T19:54:50" hostname="TLSTO_PC" time="5.465">
  <properties/>
  <testcase name="fillFormTest()" classname="tests.TextBoxTests" time="5.465"/>
  <system-out><![CDATA[]]></system-out>
  <system-err><![CDATA[[Test worker] INFO com.codeborne.selenide.WebDriverThreadLocalContainer - No webdriver is bound to current thread: 1 - let's create a new webdriver
апр. 16, 2025 10:54:52 PM org.openqa.selenium.devtools.CdpVersionFinder findNearestMatch
WARNING: Unable to find an exact match for CDP version 135, returning the closest version; found: 134; Please update to a Selenium version that supports CDP version 135
[Test worker] INFO com.codeborne.selenide.webdriver.WebDriverFactory - Selenide 7.8.0 / Selenium 4.30.0 / chrome 135.0.7049.95 windows
]]></system-err>
</testsuite>
